<?xml version="1.0" encoding="UTF-8"?>
<beans xmlns="http://www.springframework.org/schema/beans"
       xmlns:xsi="http://www.w3.org/2001/XMLSchema-instance"
       xmlns:context="http://www.springframework.org/schema/context"
       xmlns:aop="http://www.springframework.org/schema/aop"
       xsi:schemaLocation="http://www.springframework.org/schema/beans
            http://www.springframework.org/schema/beans/spring-beans.xsd
            http://www.springframework.org/schema/context
            http://www.springframework.org/schema/context/spring-context.xsd
            http://www.springframework.org/schema/aop
            http://www.springframework.org/schema/aop/spring-aop-3.0.xsd">

    <bean id="dataSource" class="org.springframework.jdbc.datasource.SimpleDriverDataSource">
        <property name="driverClass" value="com.mysql.jdbc.Driver" />
        <property name="url" value="jdbc:mysql://localhost/toby_test?autoReconnect=true&amp;useSSL=false" />
        <property name="username" value="user01" />
        <property name="password" value="1234" />
    </bean>

    <bean id="userDao" class="com.bookswag.spring.dao.UserDaoJdbc">
        <property name="dataSource" ref="dataSource" />
    </bean>

    <bean id="transactionManager" class="org.springframework.jdbc.datasource.DataSourceTransactionManager">
        <property name="dataSource" ref="dataSource" />
    </bean>

    <bean id="transactionAdvice" class="com.bookswag.spring.database.TransactionAdvice">
        <property name="transactionManager" ref="transactionManager" />
    </bean>

    <aop:config>
        <aop:advisor advice-ref="transactionAdvice"
                     pointcut="execution(* *..*ServiceImpl.upgrade*(..))" />
    </aop:config>

    <bean id="mailSender" class="org.springframework.mail.javamail.JavaMailSenderImpl">
        <property name="host" value="mail.server.com"/>
    </bean>

    <bean id="userService" class="com.bookswag.spring.service.UserServiceImpl">
        <property name="userDao" ref="userDao" />
        <property name="mailSender" ref="mailSender" />
    </bean>

    <bean id="testMailSender" class="com.bookswag.spring.service.UserServiceTest$MockMailSender" />

    <bean id="testUserService"
          class="com.bookswag.spring.service.UserServiceTest$TestUserServiceImpl" >
        <property name="userDao" ref="userDao" />
        <property name="mailSender" ref="testMailSender" />
    </bean>

    <!-- LEARNING TEST -->
    <bean id="message" class="com.bookswag.spring.learningtest.factorybean.MessageFactoryBean">
        <property name="text" value="Factory Bean"/>
    </bean>
</beans>